{"name": "test_login_functionality", "status": "failed", "statusDetails": {"message": "AssertionError: assert 2 == 4", "trace": "self = <allure_report.TestEcommerce object at 0x0000024CBE1B3F20>\n\n    def test_login_functionality(self):\n        print(\"Login Functionality checked\")\n>       assert 2==4\nE       assert 2 == 4\n\nallure_report.py:14: AssertionError"}, "start": 1715530896411, "stop": 1715530896412, "uuid": "674572db-da29-46e2-911b-d574af42f74d", "historyId": "35b1e97cc069a4217eddd9295ec67c9c", "testCaseId": "35b1e97cc069a4217eddd9295ec67c9c", "fullName": "allure_report.TestEcommerce#test_login_functionality", "labels": [{"name": "suite", "value": "allure_report"}, {"name": "subSuite", "value": "TestEcommerce"}, {"name": "host", "value": "Hare_Krishna"}, {"name": "thread", "value": "14064-MainThread"}, {"name": "framework", "value": "pytest"}, {"name": "language", "value": "cpython3"}, {"name": "package", "value": "allure_report"}]}